<?xml version="1.0" encoding="UTF-8"?>
<!-- Generated by org.testng.reporters.JUnitXMLReporter -->
<testsuite ignored="0" hostname="LAPTOP-KG9CTMSI" failures="0" tests="10" name="Default test" time="151.067" errors="0" timestamp="2023-04-03T18:10:28 EDT">
  <testcase classname="testcases.Testcase" name="setup" time="1.553"/>
  <testcase classname="testcases.Testcase" name="home" time="4.015"/>
  <testcase classname="testcases.Testcase" name="signin" time="0.679"/>
  <testcase classname="testcases.Testcase" name="Datastructure" time="10.554"/>
  <testcase classname="testcases.Testcase" name="Array" time="24.988"/>
  <testcase classname="testcases.Testcase" name="Linkedlist" time="39.086"/>
  <testcase classname="testcases.Testcase" name="Stack" time="10.041"/>
  <testcase classname="testcases.Testcase" name="Queue" time="33.364"/>
  <testcase classname="testcases.Testcase" name="Treepage" time="21.704"/>
  <testcase classname="testcases.Testcase" name="Graphpage" time="4.547"/>
</testsuite> <!-- Default test -->
