<?xml version="1.0" encoding="UTF-8"?>
<!-- Generated by org.testng.reporters.JUnitXMLReporter -->
<testsuite ignored="0" hostname="LAPTOP-KG9CTMSI" failures="0" tests="6" name="Test" time="90.008" errors="0" timestamp="2023-04-03T16:42:05 EDT">
  <testcase classname="testcases.Testcase" name="setup" time="1.47"/>
  <testcase classname="testcases.Testcase" name="home" time="4.978"/>
  <testcase classname="testcases.Testcase" name="signin" time="0.774"/>
  <testcase classname="testcases.Testcase" name="DataStructure" time="12.356"/>
  <testcase classname="testcases.Testcase" name="LinkedList" time="42.494"/>
  <testcase classname="testcases.Testcase" name="Queue" time="27.648"/>
</testsuite> <!-- Test -->
