<?xml version="1.0" encoding="UTF-8"?>
<testng-results ignored="0" total="10" passed="10" failed="0" skipped="0">
  <reporter-output>
    <line>
      <![CDATA[Queue is selected]]>
    </line>
  </reporter-output>
  <suite started-at="2023-04-03T18:07:57 EDT" name="Default suite" finished-at="2023-04-03T18:10:28 EDT" duration-ms="151067">
    <groups>
    </groups>
    <test started-at="2023-04-03T18:07:57 EDT" name="Default test" finished-at="2023-04-03T18:10:28 EDT" duration-ms="151067">
      <class name="testcases.Testcase">
        <test-method signature="setup()[pri:1, instance:testcases.Testcase@10f7918f]" started-at="2023-04-03T18:07:57 EDT" name="setup" finished-at="2023-04-03T18:07:59 EDT" duration-ms="1553" status="PASS">
          <reporter-output>
          </reporter-output>
        </test-method> <!-- setup -->
        <test-method signature="home()[pri:3, instance:testcases.Testcase@10f7918f]" started-at="2023-04-03T18:07:59 EDT" name="home" finished-at="2023-04-03T18:08:03 EDT" duration-ms="4015" status="PASS">
          <reporter-output>
          </reporter-output>
        </test-method> <!-- home -->
        <test-method signature="signin()[pri:4, instance:testcases.Testcase@10f7918f]" started-at="2023-04-03T18:08:03 EDT" name="signin" finished-at="2023-04-03T18:08:04 EDT" duration-ms="679" status="PASS">
          <reporter-output>
          </reporter-output>
        </test-method> <!-- signin -->
        <test-method signature="Datastructure()[pri:5, instance:testcases.Testcase@10f7918f]" started-at="2023-04-03T18:08:04 EDT" name="Datastructure" finished-at="2023-04-03T18:08:15 EDT" duration-ms="10554" status="PASS">
          <reporter-output>
          </reporter-output>
        </test-method> <!-- Datastructure -->
        <test-method signature="Array()[pri:6, instance:testcases.Testcase@10f7918f]" started-at="2023-04-03T18:08:15 EDT" name="Array" finished-at="2023-04-03T18:08:40 EDT" duration-ms="24988" status="PASS">
          <reporter-output>
          </reporter-output>
        </test-method> <!-- Array -->
        <test-method signature="Linkedlist()[pri:7, instance:testcases.Testcase@10f7918f]" started-at="2023-04-03T18:08:40 EDT" name="Linkedlist" finished-at="2023-04-03T18:09:19 EDT" duration-ms="39086" status="PASS">
          <reporter-output>
          </reporter-output>
        </test-method> <!-- Linkedlist -->
        <test-method signature="Stack()[pri:8, instance:testcases.Testcase@10f7918f]" started-at="2023-04-03T18:09:19 EDT" name="Stack" finished-at="2023-04-03T18:09:29 EDT" duration-ms="10041" status="PASS">
          <reporter-output>
          </reporter-output>
        </test-method> <!-- Stack -->
        <test-method signature="Queue()[pri:9, instance:testcases.Testcase@10f7918f]" started-at="2023-04-03T18:09:29 EDT" name="Queue" finished-at="2023-04-03T18:10:02 EDT" duration-ms="33364" status="PASS">
          <reporter-output>
            <line>
              <![CDATA[Queue is selected]]>
            </line>
          </reporter-output>
        </test-method> <!-- Queue -->
        <test-method signature="Treepage()[pri:10, instance:testcases.Testcase@10f7918f]" started-at="2023-04-03T18:10:02 EDT" name="Treepage" finished-at="2023-04-03T18:10:24 EDT" duration-ms="21704" status="PASS">
          <reporter-output>
          </reporter-output>
        </test-method> <!-- Treepage -->
        <test-method signature="Graphpage()[pri:11, instance:testcases.Testcase@10f7918f]" started-at="2023-04-03T18:10:24 EDT" name="Graphpage" finished-at="2023-04-03T18:10:28 EDT" duration-ms="4547" status="PASS">
          <reporter-output>
          </reporter-output>
        </test-method> <!-- Graphpage -->
      </class> <!-- testcases.Testcase -->
    </test> <!-- Default test -->
  </suite> <!-- Default suite -->
</testng-results>
